$$$ transferring word [0-1] from the memory to the cache
$$$ transferring word [0-0] from the cache to the processor
$$$ transferring word [0-1] from the cache to nowhere
$$$ transferring word [4-5] from the memory to the cache
$$$ transferring word [4-4] from the cache to the processor
$$$ transferring word [4-5] from the cache to nowhere
$$$ transferring word [0-1] from the memory to the cache
$$$ transferring word [1-1] from the cache to the processor
$$$ transferring word [0-0] from the cache to the processor
$$$ transferring word [0-1] from the cache to nowhere
$$$ transferring word [2-3] from the memory to the cache
$$$ transferring word [2-2] from the cache to the processor
$$$ transferring word [2-3] from the cache to nowhere
$$$ transferring word [0-1] from the memory to the cache
$$$ transferring word [0-0] from the processor to the cache
$$$ transferring word [0-1] from the cache to the memory
$$$ transferring word [2-3] from the memory to the cache
$$$ transferring word [3-3] from the cache to the processor

@@@
state:
	pc 4
	memory:
		mem[ 0 ] 8454148
		mem[ 1 ] 8519680
		mem[ 2 ] 12713984
		mem[ 3 ] 25165824
		mem[ 4 ] 5
		mem[ 5 ] 0
		mem[ 6 ] 0
	registers:
		reg[ 0 ] 0
		reg[ 1 ] 0
		reg[ 2 ] 0
		reg[ 3 ] 0
		reg[ 4 ] 0
		reg[ 5 ] 0
		reg[ 6 ] 0
		reg[ 7 ] 0
end state
$$$ Main memory words accessed: 20
