Simulating a cache with 1 total lines; each line has 2 words
Each set in the cache contains 1 lines; there are 1 sets
$$$ transferring word [0-1] from the cache to nowhere
$$$ transferring word [0-1] from the memory to the cache
$$$ transferring word [0-0] from the cache to the processor
$$$ transferring word [4-5] from the memory to the cache
$$$ transferring word [4-4] from the cache to the processor
$$$ transferring word [0-1] from the memory to the cache
$$$ transferring word [1-1] from the cache to the processor
$$$ transferring word [0-0] from the cache to the processor
$$$ transferring word [2-3] from the memory to the cache
$$$ transferring word [2-2] from the cache to the processor
$$$ transferring word [0-1] from the memory to the cache
$$$ transferring word [0-0] from the processor to the cache
$$$ transferring word [2-3] from the memory to the cache
$$$ transferring word [3-3] from the cache to the processor

@@@
state:
	pc 4
	memory:
		mem[ 0 ] 0x00810004
		mem[ 1 ] 0x00820000
		mem[ 2 ] 0x00C20000
		mem[ 3 ] 0x01800000
		mem[ 4 ] 0x00000005
	registers:
		reg[ 0 ] 0
		reg[ 1 ] 5
		reg[ 2 ] 8454148
		reg[ 3 ] 0
		reg[ 4 ] 0
		reg[ 5 ] 0
		reg[ 6 ] 0
		reg[ 7 ] 0
end state
End of run statistics:
